<?xml version="1.0" encoding="UTF-8"?>
<testng-results skipped="0" failed="0" total="1" passed="1">
  <reporter-output>
    <line>
      <![CDATA[STEP1]]>
    </line>
    <line>
      <![CDATA[STEP2]]>
    </line>
    <line>
      <![CDATA[STEP3]]>
    </line>
  </reporter-output>
  <suite name="Default suite" duration-ms="113903" started-at="2017-03-22T11:58:37Z" finished-at="2017-03-22T12:00:30Z">
    <groups>
    </groups>
    <test name="Default test" duration-ms="113903" started-at="2017-03-22T11:58:37Z" finished-at="2017-03-22T12:00:30Z">
      <class name="com.Liqvid.Script.TeacherFunctionTest">
        <test-method status="PASS" signature="setUp()[pri:0, instance:com.Liqvid.Script.TeacherFunctionTest@4b952a2d]" name="setUp" is-config="true" duration-ms="9078" started-at="2017-03-22T17:28:37Z" finished-at="2017-03-22T17:28:46Z">
          <reporter-output>
          </reporter-output>
        </test-method> <!-- setUp -->
        <test-method status="PASS" signature="ResumeSession()[pri:17, instance:com.Liqvid.Script.TeacherFunctionTest@4b952a2d]" name="ResumeSession" duration-ms="102393" started-at="2017-03-22T17:28:46Z" description="Start a session which is partially completed.Verify the session is resumed from its stop point." finished-at="2017-03-22T17:30:28Z">
          <reporter-output>
            <line>
              <![CDATA[STEP1]]>
            </line>
            <line>
              <![CDATA[STEP2]]>
            </line>
            <line>
              <![CDATA[STEP3]]>
            </line>
          </reporter-output>
        </test-method> <!-- ResumeSession -->
        <test-method status="PASS" signature="tearDown()[pri:0, instance:com.Liqvid.Script.TeacherFunctionTest@4b952a2d]" name="tearDown" is-config="true" duration-ms="2369" started-at="2017-03-22T17:30:28Z" finished-at="2017-03-22T17:30:30Z">
          <reporter-output>
          </reporter-output>
        </test-method> <!-- tearDown -->
      </class> <!-- com.Liqvid.Script.TeacherFunctionTest -->
    </test> <!-- Default test -->
  </suite> <!-- Default suite -->
</testng-results>
